<?xml version="1.0" encoding="UTF-8"?>
<!-- Generated by org.testng.reporters.JUnitReportReporter -->
<testsuite hostname="DESKTOP-96549AB" failures="0" tests="2" name="tests.LoanTests" time="28.382" errors="0" timestamp="2025-09-08T16:00:07 IST" skipped="0">
  <testcase classname="tests.LoanTests" name="rejectHomeLoanWhenSalaryBelowThreshold" time="13.551"/>
  <testcase classname="tests.LoanTests" name="approvePersonalLoanWithValidDetails" time="14.831"/>
</testsuite> <!-- tests.LoanTests -->
