<?xml version="1.0" encoding="UTF-8"?>
<!-- Generated by org.testng.reporters.JUnitReportReporter -->
<testsuite hostname="DESKTOP-96549AB" failures="0" tests="1" name="tests.EmiTests" time="4.208" errors="0" timestamp="2025-09-08T16:00:07 IST" skipped="0">
  <testcase classname="tests.EmiTests" name="validateEmiFor12Months" time="4.208"/>
</testsuite> <!-- tests.EmiTests -->
