<?xml version="1.0" encoding="UTF-8"?>
<!-- Generated by org.testng.reporters.JUnitReportReporter -->
<testsuite hostname="DESKTOP-96549AB" failures="0" tests="5" name="tests.LoginTests" time="41.878" errors="0" timestamp="2025-09-08T16:00:07 IST" skipped="0">
  <testcase classname="tests.LoginTests" name="validateLogin" time="11.846"/>
  <testcase classname="tests.LoginTests" name="validateLogin" time="7.659"/>
  <testcase classname="tests.LoginTests" name="testInvalidUsernameValidPassword" time="6.901"/>
  <testcase classname="tests.LoginTests" name="testValidUsernameInvalidPassword" time="8.424"/>
  <testcase classname="tests.LoginTests" name="testEmptyCredentials" time="7.048"/>
</testsuite> <!-- tests.LoginTests -->
